
         ==============================
         S N O P T  7.7.7    (Feb 2021)
         ==============================
1

 SNMEMA EXIT 100 -- finished successfully
 SNMEMA INFO 104 -- memory requirements estimated

 Trial version of SNOPT -- for evaluation or academic purposes only
1

 Parameters
 ==========

 Files
 -----
 Solution file..........         0       Old basis file ........         0       Standard input.........         5
 Insert file............         0       New basis file ........         0       (Printer)..............        10
 Punch file.............         0       Backup basis file......         0       (Specs file)...........         0
 Load file..............         0       Dump file..............         0       Standard output........         6

 Frequencies
 -----------
 Print frequency........       100       Check frequency........        60       Save new basis map.....       100
 Summary frequency......       100       Factorization frequency        50       Expand frequency.......     10000

 QP subproblems
 --------------
 QPsolver Cholesky......
 Scale tolerance........     0.900       Minor feasibility tol..  1.00E-06       Iteration limit........     10000
 Scale option...........         0       Minor optimality  tol..  1.00E-06       Minor print level......         1
 Crash tolerance........     0.100       Pivot tolerance........  3.25E-11       New superbasics........        99
 Crash option...........         3       Elastic weight.........  1.00E+05

 Partial pricing
 ---------------
 LP Partial price.......         1       Prtl price section ( A)        97       Prtl price section (-I)        14
 QP Partial price.......         1       Prtl price section ( A)        97       Prtl price section (-I)        14

 The SQP Method
 --------------
 Minimize...............                 Cold start.............                 Proximal Point method..         1
 Nonlinear objectiv vars        97       Objective Row..........         1       Function precision.....  3.00E-13
 Unbounded step size....  1.00E+20       Superbasics limit......        97       Difference interval....  5.48E-07
 Unbounded objective....  1.00E+10       Reduced Hessian dim....        97       Central difference int.  1.00E-06
 Major step limit.......  1.00E-05       Derivative linesearch..                 Derivative option......         1
 Major iterations limit.      1000       Linesearch tolerance...   0.99000       Verify level...........         0
 Minor iterations limit.       500       Penalty parameter......  0.00E+00       Major Print Level......         1
 Time limit (secs)...... 9999999.0       Major optimality tol...  1.00E-04

 Hessian Approximation
 ---------------------
 Hessian limited-memory.                 Hessian updates........        10       Hessian frequency......  99999999
                                                                                 Hessian flush..........  99999999

 Nonlinear constraints
 ---------------------
 Nonlinear constraints..        13       Major feasibility tol..  1.00E-06       Violation limit........  1.00E+06
 Nonlinear Jacobian vars        97

 Miscellaneous
 -------------
 LU factor tolerance....      3.99       LU singularity tol.....  3.25E-11       Timing level...........         3
 LU update tolerance....      3.99       LU swap tolerance......  1.22E-04       Debug level............         0
 LU partial  pivoting...                 eps (machine precision)  2.22E-16       System information.....        No
                                                                                 Sticky parameters......        No
1




 Matrix statistics
 -----------------
               Total      Normal        Free       Fixed     Bounded
 Rows             14           0           1          13           0
 Columns          97           0           0          50          47

 No. of matrix elements                 1261     Density      92.857
 Biggest  constant element        0.0000E+00  (excluding fixed columns,
 Smallest constant element        0.0000E+00   free rows, and RHS)

 No. of objective coefficients             0

 Nonlinear constraints      13     Linear constraints       1
 Nonlinear variables        97     Linear variables         0
 Jacobian  variables        97     Objective variables     97
 Total constraints          14     Total variables         97
1



 The user has defined    1358   out of    1358   first  derivatives

 Cheap test of user-supplied problem derivatives...

 The constraint gradients seem to be OK.

 -->  The largest discrepancy was    6.59E-06  in constraint   109


 The objective  gradients seem to be OK.

 Gradient projected in one direction   1.03086598696E-02
 Difference approximation              1.03086598071E-02
1



   Itns Major Minors    Step   nCon Feasible  Optimal  MeritFunction     L+U BSwap     nS condZHZ Penalty
     27     0     27              1  2.0E-03  7.2E-04  1.0209327E+00     116           15 2.0E+00         _  r
     28     1      1 6.7E-05      2  2.0E-03  7.2E-04  3.4980816E+00     113     1     15 2.0E+00 9.0E+04 _  rl
     41     2     13 6.7E-05      3  2.0E-03  1.5E-02  1.7678605E+00     112           19 1.7E+00 2.7E+04 _s  l
     50     3      9 3.4E-05      5  2.0E-03  1.1E-02  1.0299751E+00     119           18 2.5E+00 3.3E+02 _ M l
     56     4      6 2.6E-05      6  2.0E-03  7.9E-03  1.0221741E+00     111           18 5.5E+00 3.8E+01 _   l
     62     5      6 3.6E-05      8  2.0E-03  9.7E-03  1.0215277E+00     111           19 3.8E+00 1.3E+01 _ M l
     70     6      8 3.6E-05      9  2.0E-03  2.8E-03  1.0215275E+00     118           16 1.2E+02 1.3E+01 _   l
     87     7     17 3.7E-05     10  2.0E-03  1.2E-02  1.0215274E+00     108           26 1.9E+01 1.3E+01 _   l
     99     8     12 1.4E-05     11  2.0E-03  8.9E-03  1.0215272E+00     108     1     24 2.3E+01 1.3E+01 _   l
    100     9      1 1.4E-05     13  2.0E-03  8.9E-03  1.0215271E+00     108           24 2.3E+01 1.3E+01 _   l
    123    10     23 1.4E-05     14  2.0E-03  5.4E-03  1.0215269E+00     111           18 3.6E+04 1.3E+01 _   l
    139    11     16 3.3E-05     15  2.0E-03  1.2E-02  1.0215267E+00     106     2     28 2.6E+02 1.3E+01 _   l
    171    12     32 1.4E-05     16  2.0E-03  3.0E-03  1.0215266E+00     116           16 5.8E+00 1.3E+01 _   l
    179    13      8 3.5E-05     17  2.0E-03  3.3E-03  1.0215264E+00     109           17 2.3E+04 1.3E+01 _  Rl
    205    14     26 4.1E-05     19  2.0E-03  3.5E-03  1.0359942E+00     107           12 2.6E+02 5.4E+02 _sM l
    213    15      8 1.4E-05     20  2.0E-03  3.5E-03  1.0229477E+00     107           11 3.4E+02 6.5E+01 _   l
    220    16      7 1.4E-05     21  2.0E-03  3.5E-03  1.0224520E+00     107            9 2.0E+02 5.4E+01 _   l
    263    17     43 1.4E-05     22  2.0E-03  5.6E-03  1.0224518E+00     110            8 1.4E+02 5.4E+01 _   l
    270    18      7 1.4E-05     23  2.0E-03  3.5E-03  1.0224516E+00     108           12 6.9E+02 5.4E+01 _   l
    322    19     52 1.4E-05     24  2.0E-03  3.5E-03  1.0224514E+00     114           15 2.5E+04 5.4E+01 _   l

   Itns Major Minors    Step   nCon Feasible  Optimal  MeritFunction     L+U BSwap     nS condZHZ Penalty
    334    20     12 1.4E-05     25  2.0E-03  5.4E-03  1.0224513E+00     111           14 5.4E+02 5.4E+01 _   l
    348    21     14 1.4E-05     26  2.0E-03  4.2E-03  1.0224512E+00     121           10 1.4E+02 5.4E+01 _   l
    357    22      9 1.4E-05     27  2.0E-03  9.8E-03  1.0224510E+00     102           10 1.7E+02 5.4E+01 _   l
    364    23      7 1.4E-05     28  2.0E-03  3.5E-03  1.0224508E+00      99           12 3.1E+02 5.4E+01 _   l
    405    24     41 1.4E-05     29  2.0E-03  3.1E-03  1.0224506E+00     120           17 1.5E+05 5.4E+01 _  Rl
    417    25     12 1.4E-05     31  2.0E-03  5.5E-03  1.0309085E+00     111           14 1.7E+03 3.5E+02 _sM l
    422    26      5 1.4E-05     32  2.0E-03  5.9E-03  1.0240287E+00     111           14 5.0E+02 1.1E+02 _   l
    425    27      3 1.4E-05     33  2.0E-03  3.5E-03  1.0240285E+00     113           12 4.0E+02 1.1E+02 _   l
    434    28      9 1.4E-05     34  2.0E-03  6.4E-03  1.0240283E+00     116           12 4.6E+02 1.1E+02 _   l
    461    29     27 1.4E-05     35  2.0E-03  5.1E-03  1.0240282E+00     110           16 1.2E+03 1.1E+02 _   l
    472    30     11 1.4E-05     36  2.0E-03  5.1E-03  1.0240280E+00     111           15 1.8E+05 1.1E+02 _   l
    484    31     12 1.4E-05     37  2.0E-03  4.0E-03  1.0240278E+00     111           14 9.0E+03 1.1E+02 _   l
    485    32      1 1.4E-05     39  2.0E-03  4.0E-03  1.0240277E+00     108           14 9.0E+03 1.1E+02 _   l
    495    33     10 1.4E-05     40  2.0E-03  5.8E-03  1.0240275E+00     112           14 1.2E+03 1.1E+02 _   l
    507    34     12 1.4E-05     41  2.0E-03  5.2E-03  1.0240273E+00     114           15 2.5E+04 1.1E+02 _   l
    521    35     14 1.4E-05     42  2.0E-03  7.1E-03  1.0240271E+00     111           14 1.0E+03 1.1E+02 _   l
    542    36     21 1.4E-05     43  2.0E-03  5.5E-03  1.0240269E+00     112           19 7.2E+04 1.1E+02 _  Rl
    543    37      1 1.4E-05     45  2.0E-03  5.5E-03  1.0240268E+00     111           19 7.2E+04 1.1E+02 _  Rl
    555    38     12 1.4E-05     46  2.0E-03  8.7E-03  1.0240267E+00     108           22 1.3E+04 1.1E+02 _s  l
    564    39      9 1.4E-05     47  2.0E-03  1.7E-02  1.0240266E+00     109           20 1.2E+05 1.1E+02 _   l

   Itns Major Minors    Step   nCon Feasible  Optimal  MeritFunction     L+U BSwap     nS condZHZ Penalty
    577    40     13 1.6E-05     48  2.0E-03  2.0E-02  1.0240264E+00     108           22 2.9E+04 1.1E+02 _   l
    582    41      5 1.4E-05     49  2.0E-03  1.2E-02  1.0240263E+00     112           20 2.2E+03 1.1E+02 _   l
    592    42     10 1.4E-05     50  2.0E-03  1.1E-02  1.0240261E+00     111           21 1.6E+04 1.1E+02 _   l
    601    43      9 1.4E-05     51  2.0E-03  1.2E-02  1.0240259E+00     111           19 1.0E+05 1.1E+02 _   l
    606    44      5 1.5E-05     53  2.0E-03  3.5E-03  1.0240258E+00     111           19 2.5E+05 1.1E+02 _ M l
    610    45      4 1.5E-05     55  2.0E-03  3.5E-03  1.0240256E+00     111           16 3.6E+05 1.1E+02 _ M l
    623    46     13 1.4E-05     56  2.0E-03  4.2E-03  1.0240254E+00     111           18 5.2E+03 1.1E+02 _   l
    638    47     15 1.4E-05     57  2.0E-03  2.5E-02  1.0240252E+00     109           20 4.9E+04 1.1E+02 _   l
    649    48     11 1.4E-05     58  2.0E-03  1.1E-02  1.0240251E+00     113           17 2.0E+04 1.1E+02 _  Rl
    661    49     12 1.4E-05     60  2.0E-03  5.0E-03  1.0310859E+00     108           19 1.5E+03 3.6E+02 _sM l
    667    50      6 1.4E-05     61  2.0E-03  1.0E-02  1.0279090E+00     113           16 4.8E+02 2.6E+02 _   l
    681    51     14 1.4E-05     62  2.0E-03  4.1E-03  1.0279087E+00     110           17 1.9E+05 2.6E+02 _   l
    693    52     12 1.4E-05     63  2.0E-03  3.2E-03  1.0279084E+00     111           18 2.8E+04 2.6E+02 _   l
    709    53     16 1.4E-05     64  2.0E-03  5.1E-03  1.0279081E+00     112           18 2.4E+04 2.6E+02 _   l
    723    54     14 1.4E-05     65  2.0E-03  6.3E-03  1.0279078E+00     113           17 9.7E+02 2.6E+02 _   l
    729    55      6 1.4E-05     66  2.0E-03  6.9E-03  1.0279075E+00     111           14 3.1E+02 2.6E+02 _   l
    730    56      1 1.4E-05     68  2.0E-03  7.0E-03  1.0279072E+00     110           14 3.1E+02 2.6E+02 _   l
    740    57     10 1.4E-05     69  2.0E-03  1.0E-02  1.0279069E+00     111           17 1.4E+03 2.6E+02 _   l
    749    58      9 1.4E-05     70  2.0E-03  3.5E-03  1.0279066E+00     113           17 1.0E+03 2.6E+02 _   l
    758    59      9 1.4E-05     71  2.0E-03  9.2E-03  1.0279063E+00     110           20 7.4E+04 2.6E+02 _   l

   Itns Major Minors    Step   nCon Feasible  Optimal  MeritFunction     L+U BSwap     nS condZHZ Penalty
    766    60      8 1.4E-05     73  2.0E-03  1.1E-02  1.0279061E+00     111           19 3.2E+05 2.6E+02 _ MRl
    781    61     15 1.5E-05     74  2.0E-03  1.5E-02  1.0279059E+00     111           21 1.0E+04 2.6E+02 _s  l
    794    62     13 1.4E-05     75  2.0E-03  3.8E-03  1.0279056E+00     113           19 1.4E+05 2.6E+02 _   l
    807    63     13 1.4E-05     76  2.0E-03  8.2E-03  1.0279053E+00     110           15 4.3E+03 2.6E+02 _   l
    816    64      9 1.4E-05     77  2.0E-03  6.4E-03  1.0279051E+00     111           17 6.2E+03 2.6E+02 _   l
    826    65     10 1.4E-05     79  2.0E-03  4.7E-03  1.0279048E+00     111           18 1.1E+05 2.6E+02 _ M l
    827    66      1 1.4E-05     81  2.0E-03  4.7E-03  1.0279046E+00     111           18 1.1E+05 2.6E+02 _   l
    837    67     10 1.4E-05     82  2.0E-03  3.4E-03  1.0279043E+00     111           17 1.5E+05 2.6E+02 _   l
    844    68      7 1.4E-05     83  2.0E-03  7.2E-03  1.0279041E+00     113           19 6.0E+03 2.6E+02 _   l
    856    69     12 1.4E-05     84  2.0E-03  8.3E-03  1.0279038E+00     111           19 1.1E+05 2.6E+02 _   l
    857    70      1 1.4E-05     86  2.0E-03  8.3E-03  1.0279036E+00     111           19 1.1E+05 2.6E+02 _   l
    871    71     14 1.4E-05     87  2.0E-03  1.7E-02  1.0279033E+00     111           19 4.7E+03 2.6E+02 _   l
    877    72      6 1.4E-05     88  2.0E-03  8.4E-03  1.0279031E+00     111           16 2.1E+04 2.6E+02 _   l
    895    73     18 1.4E-05     89  2.0E-03  1.0E-02  1.0279028E+00     113           18 1.0E+05 2.6E+02 _  Rl
    903    74      8 1.4E-05     90  2.0E-03  3.5E-03  1.0283560E+00     109           21 2.8E+04 2.7E+02 _s  l
    912    75      9 1.4E-05     91  2.0E-03  1.4E-02  1.0283558E+00     110           19 1.1E+04 2.7E+02 _   l
    919    76      7 1.4E-05     92  2.0E-03  1.0E-02  1.0283555E+00     111           19 1.4E+03 2.7E+02 _   l
    935    77     16 1.4E-05     93  2.0E-03  8.7E-03  1.0283552E+00     113           22 2.2E+05 2.7E+02 _   l
    952    78     17 1.4E-05     94  2.0E-03  7.2E-03  1.0283549E+00     111           17 1.5E+03 2.7E+02 _   l
    966    79     14 1.4E-05     95  2.0E-03  1.1E-02  1.0283546E+00     113           20 5.5E+04 2.7E+02 _   l

   Itns Major Minors    Step   nCon Feasible  Optimal  MeritFunction     L+U BSwap     nS condZHZ Penalty
    979    80     13 1.4E-05     96  2.0E-03  4.5E-03  1.0283543E+00     113           20 1.5E+04 2.7E+02 _   l
    992    81     13 1.4E-05     97  2.0E-03  1.4E-02  1.0283540E+00     111           17 3.7E+03 2.7E+02 _   l
   1000    82      8 1.4E-05     98  2.0E-03  3.5E-03  1.0283537E+00     110           20 1.1E+05 2.7E+02 _   l
   1015    83     15 1.4E-05     99  2.0E-03  3.5E-03  1.0283534E+00     116           18 5.1E+03 2.7E+02 _   l
   1032    84     17 1.4E-05    100  2.0E-03  9.9E-03  1.0283531E+00     117           19 6.5E+04 2.7E+02 _  Rl
   1043    85     11 1.4E-05    101  2.0E-03  5.5E-03  1.0326624E+00     111           21 1.0E+04 4.2E+02 _s  l
   1048    86      5 1.4E-05    102  2.0E-03  9.0E-03  1.0326620E+00     109           23 1.0E+04 4.2E+02 _   l
   1051    87      3 1.4E-05    103  2.0E-03  9.1E-03  1.0326616E+00     110           21 3.5E+03 4.2E+02 _   l
   1061    88     10 1.4E-05    104  2.0E-03  7.7E-03  1.0326612E+00     111           22 2.7E+04 4.2E+02 _   l
   1069    89      8 1.5E-05    105  2.0E-03  1.4E-02  1.0326608E+00     111           21 1.7E+04 4.2E+02 _   l
   1077    90      8 1.4E-05    106  2.0E-03  2.9E-02  1.0326604E+00     111           18 3.8E+03 4.2E+02 _   l
   1094    91     17 1.4E-05    107  2.0E-03  2.2E-02  1.0326599E+00     110           24 2.3E+05 4.2E+02 _   l
   1097    92      3 1.6E-05    109  2.0E-03  1.1E-02  1.0326595E+00     111           22 2.6E+04 4.2E+02 _ M l
   1103    93      6 1.4E-05    110  2.0E-03  1.4E-02  1.0326591E+00     111           21 2.5E+04 4.2E+02 _   l
   1118    94     15 1.4E-05    111  2.0E-03  3.7E-03  1.0326587E+00     111           21 2.6E+04 4.2E+02 _   l
   1121    95      3 1.4E-05    112  2.0E-03  2.1E-02  1.0326584E+00     111           21 1.3E+05 4.2E+02 _  Rl
   1135    96     14 1.5E-05    113  2.0E-03  9.3E-03  1.0326582E+00     111           20 4.3E+03 4.2E+02 _s  l
   1145    97     10 1.4E-05    114  2.0E-03  7.1E-03  1.0326578E+00     112           17 2.0E+04 4.2E+02 _   l
   1152    98      7 1.4E-05    115  2.0E-03  9.1E-03  1.0326574E+00     110           19 2.4E+05 4.2E+02 _   l
   1160    99      8 1.4E-05    116  2.0E-03  1.8E-02  1.0326570E+00     111           20 2.4E+05 4.2E+02 _   l
